[2020-07-18 10:34:17] [pool-6-thread-1 INFO] CustomSkinLoader 14.11
[2020-07-18 10:34:17] [pool-6-thread-1 INFO] DataDir: G:\Minecraft Program\ATLauncher\instances\SkyFactory4\CustomSkinLoader
[2020-07-18 10:34:17] [pool-6-thread-1 INFO] Minecraft: null()
[2020-07-18 10:34:17] [pool-6-thread-1 INFO] Config File: G:\Minecraft Program\ATLauncher\instances\SkyFactory4\CustomSkinLoader\CustomSkinLoader.json
[2020-07-18 10:34:17] [pool-6-thread-1 INFO] Try to load config.
[2020-07-18 10:34:17] [pool-6-thread-1 INFO] Successfully load config.
[2020-07-18 10:34:17] [pool-6-thread-1 INFO] version : 14.11
[2020-07-18 10:34:17] [pool-6-thread-1 INFO] enableDynamicSkull : true
[2020-07-18 10:34:17] [pool-6-thread-1 INFO] enableTransparentSkin : true
[2020-07-18 10:34:17] [pool-6-thread-1 INFO] ignoreHttpsCertificate : false
[2020-07-18 10:34:17] [pool-6-thread-1 INFO] forceLoadAllTextures : false
[2020-07-18 10:34:17] [pool-6-thread-1 INFO] enableCape : true
[2020-07-18 10:34:17] [pool-6-thread-1 INFO] cacheExpiry : 30
[2020-07-18 10:34:17] [pool-6-thread-1 INFO] enableUpdateSkull : false
[2020-07-18 10:34:17] [pool-6-thread-1 INFO] enableLocalProfileCache : false
[2020-07-18 10:34:17] [pool-6-thread-1 INFO] enableCacheAutoClean : false
[2020-07-18 10:34:17] [pool-6-thread-1 INFO] loadList : 7
[2020-07-18 10:34:17] [BiShop_Ma INFO] Loading BiShop_Ma's profile.
[2020-07-18 10:34:17] [BiShop_Ma INFO] 1/7 Try to load profile from 'Mojang'.
[2020-07-18 10:34:17] [BiShop_Ma DEBUG] Try to request 'https://api.mojang.com/users/profiles/minecraft/BiShop_Ma'.
[2020-07-18 10:34:17] [BiShop_Ma DEBUG] Cache file found (Length: 60 , Path: 'G:\Minecraft Program\ATLauncher\instances\SkyFactory4\CustomSkinLoader\caches\f515be54d54db9aed4d70bc7cc4ba5cc3344c3a6' , Expire: 0')
[2020-07-18 10:34:17] [BiShop_Ma INFO] Try to load from cache 'G:\Minecraft Program\ATLauncher\instances\SkyFactory4\CustomSkinLoader\caches\f515be54d54db9aed4d70bc7cc4ba5cc3344c3a6'.
[2020-07-18 10:34:17] [BiShop_Ma DEBUG] Successfully load from cache
[2020-07-18 10:34:17] [BiShop_Ma DEBUG] Content: {"name":"BiShop_Ma","id":"a11cf95b131d4d12b08cd4a194dd71d9"}
[2020-07-18 10:34:17] [BiShop_Ma DEBUG] Try to request 'https://sessionserver.mojang.com/session/minecraft/profile/a11cf95b131d4d12b08cd4a194dd71d9'.
[2020-07-18 10:34:17] [BiShop_Ma DEBUG] Successfully request (Response Code: 200 , Content Length: 513)
[2020-07-18 10:34:17] [BiShop_Ma DEBUG] Saved to cache (Length: 513 , Path: 'G:\Minecraft Program\ATLauncher\instances\SkyFactory4\CustomSkinLoader\caches\bf1271717abe0c4d5f3c5b2e4b4f158f36366c7a' , Expire: 1595090149)
[2020-07-18 10:34:17] [BiShop_Ma DEBUG] Content: {
  "id" : "a11cf95b131d4d12b08cd4a194dd71d9",
  "name" : "BiShop_Ma",
  "properties" : [ {
    "name" : "textures",
    "value" : "ewogICJ0aW1lc3RhbXAiIDogMTU5NTA5MDA1ODQxNCwKICAicHJvZmlsZUlkIiA6ICJhMTFjZjk1YjEzMWQ0ZDEyYjA4Y2Q0YTE5NGRkNzFkOSIsCiAgInByb2ZpbGVOYW1lIiA6ICJCaVNob3BfTWEiLAogICJ0ZXh0dXJlcyIgOiB7CiAgICAiU0tJTiIgOiB7CiAgICAgICJ1cmwiIDogImh0dHA6Ly90ZXh0dXJlcy5taW5lY3JhZnQubmV0L3RleHR1cmUvODg1YjQ1ZWZiODE2MDliYTE0OWNiMjI3ODZhMWRmNmVlMjA5NjJiODY0NDJiZmM0MjJlOTUyYzI0MTNmNWIxNyIKICAgIH0KICB9Cn0="
  } ]
}
[2020-07-18 10:34:17] [BiShop_Ma INFO] BiShop_Ma's profile loaded.
[2020-07-18 10:34:17] [BiShop_Ma INFO] (SkinUrl: http://textures.minecraft.net/texture/885b45efb81609ba149cb22786a1df6ee20962b86442bfc422e952c2413f5b17 , Model: default , CapeUrl: null  , Expiry: 1595090088)
[2020-07-18 10:34:22] [Client thread DEBUG] Loading type:SKIN
[2020-07-18 10:37:58] [Test5 INFO] Loading Test5's profile.
[2020-07-18 10:37:58] [Test5 INFO] 1/7 Try to load profile from 'Mojang'.
[2020-07-18 10:37:58] [Test5 DEBUG] Try to request 'https://api.mojang.com/users/profiles/minecraft/Test5'.
[2020-07-18 10:37:58] [Test5 DEBUG] Cache file found (Length: 56 , Path: 'G:\Minecraft Program\ATLauncher\instances\SkyFactory4\CustomSkinLoader\caches\5742254e7c1bbe9cdf41fb7eef82dee71bf2840e' , Expire: 0')
[2020-07-18 10:37:58] [Test5 INFO] Try to load from cache 'G:\Minecraft Program\ATLauncher\instances\SkyFactory4\CustomSkinLoader\caches\5742254e7c1bbe9cdf41fb7eef82dee71bf2840e'.
[2020-07-18 10:37:58] [Test5 DEBUG] Successfully load from cache
[2020-07-18 10:37:58] [Test5 DEBUG] Content: {"name":"test5","id":"3fb7eb4d29834087b8e879a8a1752768"}
[2020-07-18 10:37:58] [Test5 DEBUG] Try to request 'https://sessionserver.mojang.com/session/minecraft/profile/3fb7eb4d29834087b8e879a8a1752768'.
[2020-07-18 10:37:58] [Test5 DEBUG] Successfully request (Response Code: 200 , Content Length: 332)
[2020-07-18 10:37:58] [Test5 DEBUG] Saved to cache (Length: 332 , Path: 'G:\Minecraft Program\ATLauncher\instances\SkyFactory4\CustomSkinLoader\caches\02d0e626734044b60453302aba87c9766e685857' , Expire: 1595090372)
[2020-07-18 10:37:58] [Test5 DEBUG] Content: {
  "id" : "3fb7eb4d29834087b8e879a8a1752768",
  "name" : "test5",
  "properties" : [ {
    "name" : "textures",
    "value" : "ewogICJ0aW1lc3RhbXAiIDogMTU5NTA5MDI3OTQ0OCwKICAicHJvZmlsZUlkIiA6ICIzZmI3ZWI0ZDI5ODM0MDg3YjhlODc5YThhMTc1Mjc2OCIsCiAgInByb2ZpbGVOYW1lIiA6ICJ0ZXN0NSIsCiAgInRleHR1cmVzIiA6IHsgfQp9"
  } ],
  "legacy" : true
}
[2020-07-18 10:37:58] [Test5 INFO] Profile not found.(Test5 doesn't have skin/cape.)
[2020-07-18 10:37:58] [Test5 INFO] 2/7 Try to load profile from 'LittleSkin'.
[2020-07-18 10:37:58] [Test5 DEBUG] Try to request 'https://littleskin.cn/Test5.json'.
[2020-07-18 10:37:59] [Test5 DEBUG] Successfully request (Response Code: 304 , Content Length: -1)
[2020-07-18 10:37:59] [Test5 DEBUG] Cache file found (Length: 3 , Path: 'G:\Minecraft Program\ATLauncher\instances\SkyFactory4\CustomSkinLoader\caches\a660d8810ad0a74655104554c3fe4094fea5efa9' , Expire: 0')
[2020-07-18 10:37:59] [Test5 INFO] Try to load from cache 'G:\Minecraft Program\ATLauncher\instances\SkyFactory4\CustomSkinLoader\caches\a660d8810ad0a74655104554c3fe4094fea5efa9'.
[2020-07-18 10:37:59] [Test5 DEBUG] Successfully load from cache
[2020-07-18 10:37:59] [Test5 DEBUG] Content: {}

[2020-07-18 10:37:59] [Test5 INFO] Both skin and cape not found.
[2020-07-18 10:37:59] [Test5 INFO] 3/7 Try to load profile from 'BlessingSkin'.
[2020-07-18 10:37:59] [Test5 DEBUG] Try to request 'http://skin.prinzeugen.net/Test5.json'.
[2020-07-18 10:38:00] [Test5 DEBUG] Failed to request (Response Code: 404)
[2020-07-18 10:38:00] [Test5 INFO] Profile not found.
[2020-07-18 10:38:00] [Test5 INFO] 4/7 Try to load profile from 'ElyBy'.
[2020-07-18 10:38:00] [Test5 DEBUG] Try to request 'http://skinsystem.ely.by/textures/Test5?version=2&minecraft_version=null'.
[2020-07-18 10:38:01] [Test5 DEBUG] Successfully request (Response Code: 204 , Content Length: -1)
[2020-07-18 10:38:01] [Test5 DEBUG] Saved to cache (Length: 0 , Path: 'G:\Minecraft Program\ATLauncher\instances\SkyFactory4\CustomSkinLoader\caches\8869bcf3b97634d30cfd8ac668677aa94a910568' , Expire: 1595093886)
[2020-07-18 10:38:01] [Test5 DEBUG] Content: 
[2020-07-18 10:38:01] [Test5 INFO] Profile not found.
[2020-07-18 10:38:01] [Test5 INFO] 5/7 Try to load profile from 'SkinMe'.
[2020-07-18 10:38:01] [Test5 DEBUG] Try to request 'http://www.skinme.cc/uniskin/Test5.json'.
[2020-07-18 10:38:01] [Test5 DEBUG] Successfully request (Response Code: 200 , Content Length: 37)
[2020-07-18 10:38:01] [Test5 DEBUG] Saved to cache (Length: 37 , Path: 'G:\Minecraft Program\ATLauncher\instances\SkyFactory4\CustomSkinLoader\caches\96156409f06e4c0d101621b4ba0a769c27dd9500' , Expire: 1595090371)
[2020-07-18 10:38:01] [Test5 DEBUG] Content: {"errno":404,"msg":"User not found."}
[2020-07-18 10:38:01] [Test5 INFO] Error 404: User not found.
[2020-07-18 10:38:01] [Test5 INFO] 6/7 Try to load profile from 'LocalSkin'.
[2020-07-18 10:38:01] [Test5 INFO] Both skin and cape not found.
[2020-07-18 10:38:01] [Test5 INFO] 7/7 Try to load profile from 'GlitchlessGames'.
[2020-07-18 10:38:01] [Test5 DEBUG] Try to request 'https://games.glitchless.ru/api/minecraft/users/profiles/textures/?nickname=Test5'.
[2020-07-18 10:38:03] [Test5 DEBUG] Failed to request (Response Code: 404)
[2020-07-18 10:38:03] [Test5 INFO] Profile not found.
[2020-07-18 10:38:03] [Test5 INFO] Test5's profile not found in load list.
[2020-07-18 10:56:48] [Test5 INFO] Loading Test5's profile.
[2020-07-18 10:56:48] [Test5 INFO] 1/7 Try to load profile from 'Mojang'.
[2020-07-18 10:56:48] [Test5 DEBUG] Try to request 'https://api.mojang.com/users/profiles/minecraft/Test5'.
[2020-07-18 10:56:48] [Test5 DEBUG] Cache file found (Length: 56 , Path: 'G:\Minecraft Program\ATLauncher\instances\SkyFactory4\CustomSkinLoader\caches\5742254e7c1bbe9cdf41fb7eef82dee71bf2840e' , Expire: 0')
[2020-07-18 10:56:48] [Test5 INFO] Try to load from cache 'G:\Minecraft Program\ATLauncher\instances\SkyFactory4\CustomSkinLoader\caches\5742254e7c1bbe9cdf41fb7eef82dee71bf2840e'.
[2020-07-18 10:56:48] [Test5 DEBUG] Successfully load from cache
[2020-07-18 10:56:48] [Test5 DEBUG] Content: {"name":"test5","id":"3fb7eb4d29834087b8e879a8a1752768"}
[2020-07-18 10:56:48] [Test5 DEBUG] Try to request 'https://sessionserver.mojang.com/session/minecraft/profile/3fb7eb4d29834087b8e879a8a1752768'.
[2020-07-18 10:56:49] [Test5 DEBUG] Successfully request (Response Code: 200 , Content Length: 332)
[2020-07-18 10:56:49] [Test5 DEBUG] Saved to cache (Length: 332 , Path: 'G:\Minecraft Program\ATLauncher\instances\SkyFactory4\CustomSkinLoader\caches\02d0e626734044b60453302aba87c9766e685857' , Expire: 1595091501)
[2020-07-18 10:56:49] [Test5 DEBUG] Content: {
  "id" : "3fb7eb4d29834087b8e879a8a1752768",
  "name" : "test5",
  "properties" : [ {
    "name" : "textures",
    "value" : "ewogICJ0aW1lc3RhbXAiIDogMTU5NTA5MTQwOTY0MiwKICAicHJvZmlsZUlkIiA6ICIzZmI3ZWI0ZDI5ODM0MDg3YjhlODc5YThhMTc1Mjc2OCIsCiAgInByb2ZpbGVOYW1lIiA6ICJ0ZXN0NSIsCiAgInRleHR1cmVzIiA6IHsgfQp9"
  } ],
  "legacy" : true
}
[2020-07-18 10:56:49] [Test5 INFO] Profile not found.(Test5 doesn't have skin/cape.)
[2020-07-18 10:56:49] [Test5 INFO] 2/7 Try to load profile from 'LittleSkin'.
[2020-07-18 10:56:49] [Test5 DEBUG] Try to request 'https://littleskin.cn/Test5.json'.
[2020-07-18 10:56:49] [Test5 DEBUG] Successfully request (Response Code: 304 , Content Length: -1)
[2020-07-18 10:56:49] [Test5 DEBUG] Cache file found (Length: 3 , Path: 'G:\Minecraft Program\ATLauncher\instances\SkyFactory4\CustomSkinLoader\caches\a660d8810ad0a74655104554c3fe4094fea5efa9' , Expire: 0')
[2020-07-18 10:56:49] [Test5 INFO] Try to load from cache 'G:\Minecraft Program\ATLauncher\instances\SkyFactory4\CustomSkinLoader\caches\a660d8810ad0a74655104554c3fe4094fea5efa9'.
[2020-07-18 10:56:49] [Test5 DEBUG] Successfully load from cache
[2020-07-18 10:56:49] [Test5 DEBUG] Content: {}

[2020-07-18 10:56:49] [Test5 INFO] Both skin and cape not found.
[2020-07-18 10:56:49] [Test5 INFO] 3/7 Try to load profile from 'BlessingSkin'.
[2020-07-18 10:56:49] [Test5 DEBUG] Try to request 'http://skin.prinzeugen.net/Test5.json'.
[2020-07-18 10:56:49] [Test5 DEBUG] Failed to request (Response Code: 404)
[2020-07-18 10:56:49] [Test5 INFO] Profile not found.
[2020-07-18 10:56:49] [Test5 INFO] 4/7 Try to load profile from 'ElyBy'.
[2020-07-18 10:56:49] [Test5 DEBUG] Try to request 'http://skinsystem.ely.by/textures/Test5?version=2&minecraft_version=null'.
[2020-07-18 10:56:49] [Test5 DEBUG] Cache file found (Length: 0 , Path: 'G:\Minecraft Program\ATLauncher\instances\SkyFactory4\CustomSkinLoader\caches\8869bcf3b97634d30cfd8ac668677aa94a910568' , Expire: 1595093886')
[2020-07-18 10:56:49] [Test5 INFO] Try to load from cache 'G:\Minecraft Program\ATLauncher\instances\SkyFactory4\CustomSkinLoader\caches\8869bcf3b97634d30cfd8ac668677aa94a910568'.
[2020-07-18 10:56:49] [Test5 DEBUG] Successfully load from cache
[2020-07-18 10:56:49] [Test5 DEBUG] Content: 
[2020-07-18 10:56:49] [Test5 INFO] Profile not found.
[2020-07-18 10:56:49] [Test5 INFO] 5/7 Try to load profile from 'SkinMe'.
[2020-07-18 10:56:49] [Test5 DEBUG] Try to request 'http://www.skinme.cc/uniskin/Test5.json'.
[2020-07-18 10:56:50] [Test5 DEBUG] Successfully request (Response Code: 200 , Content Length: 37)
[2020-07-18 10:56:50] [Test5 DEBUG] Saved to cache (Length: 37 , Path: 'G:\Minecraft Program\ATLauncher\instances\SkyFactory4\CustomSkinLoader\caches\96156409f06e4c0d101621b4ba0a769c27dd9500' , Expire: 1595091503)
[2020-07-18 10:56:50] [Test5 DEBUG] Content: {"errno":404,"msg":"User not found."}
[2020-07-18 10:56:50] [Test5 INFO] Error 404: User not found.
[2020-07-18 10:56:50] [Test5 INFO] 6/7 Try to load profile from 'LocalSkin'.
[2020-07-18 10:56:50] [Test5 INFO] Both skin and cape not found.
[2020-07-18 10:56:50] [Test5 INFO] 7/7 Try to load profile from 'GlitchlessGames'.
[2020-07-18 10:56:50] [Test5 DEBUG] Try to request 'https://games.glitchless.ru/api/minecraft/users/profiles/textures/?nickname=Test5'.
[2020-07-18 10:56:51] [Test5 DEBUG] Failed to request (Response Code: 404)
[2020-07-18 10:56:51] [Test5 INFO] Profile not found.
[2020-07-18 10:56:51] [Test5 INFO] Test5's profile not found in load list.
[2020-07-18 11:00:27] [BiShop INFO] Loading BiShop's profile.
[2020-07-18 11:00:27] [BiShop INFO] 1/7 Try to load profile from 'Mojang'.
[2020-07-18 11:00:27] [BiShop DEBUG] Try to request 'https://api.mojang.com/users/profiles/minecraft/BiShop'.
[2020-07-18 11:00:27] [BiShop DEBUG] Cache file found (Length: 57 , Path: 'G:\Minecraft Program\ATLauncher\instances\SkyFactory4\CustomSkinLoader\caches\4ec3e11c41edd720e40c8ae5067c0a2c10b0f23e' , Expire: 0')
[2020-07-18 11:00:27] [BiShop INFO] Try to load from cache 'G:\Minecraft Program\ATLauncher\instances\SkyFactory4\CustomSkinLoader\caches\4ec3e11c41edd720e40c8ae5067c0a2c10b0f23e'.
[2020-07-18 11:00:27] [BiShop DEBUG] Successfully load from cache
[2020-07-18 11:00:27] [BiShop DEBUG] Content: {"name":"bishop","id":"e840a6f303b34608bfaf0b4b9ebaf773"}
[2020-07-18 11:00:27] [BiShop DEBUG] Try to request 'https://sessionserver.mojang.com/session/minecraft/profile/e840a6f303b34608bfaf0b4b9ebaf773'.
[2020-07-18 11:00:27] [BiShop DEBUG] Successfully request (Response Code: 200 , Content Length: 506)
[2020-07-18 11:00:27] [BiShop DEBUG] Saved to cache (Length: 506 , Path: 'G:\Minecraft Program\ATLauncher\instances\SkyFactory4\CustomSkinLoader\caches\6a59a56bd554492e756ccb8f93b5cbc760fd1f7f' , Expire: 1595091718)
[2020-07-18 11:00:27] [BiShop DEBUG] Content: {
  "id" : "e840a6f303b34608bfaf0b4b9ebaf773",
  "name" : "bishop",
  "properties" : [ {
    "name" : "textures",
    "value" : "ewogICJ0aW1lc3RhbXAiIDogMTU5NTA5MTYyODA0OSwKICAicHJvZmlsZUlkIiA6ICJlODQwYTZmMzAzYjM0NjA4YmZhZjBiNGI5ZWJhZjc3MyIsCiAgInByb2ZpbGVOYW1lIiA6ICJiaXNob3AiLAogICJ0ZXh0dXJlcyIgOiB7CiAgICAiU0tJTiIgOiB7CiAgICAgICJ1cmwiIDogImh0dHA6Ly90ZXh0dXJlcy5taW5lY3JhZnQubmV0L3RleHR1cmUvNWEyN2ViYWQ1YmYwYWY1ODRlOTU3OTMwMTAxNTMxMjVhNDAwYTc0YjUyODEyZjA1NTUwMjg5MmJhMjhlYmI4ZCIKICAgIH0KICB9Cn0="
  } ]
}
[2020-07-18 11:00:27] [BiShop INFO] BiShop's profile loaded.
[2020-07-18 11:00:27] [BiShop INFO] (SkinUrl: http://textures.minecraft.net/texture/5a27ebad5bf0af584e95793010153125a400a74b52812f055502892ba28ebb8d , Model: default , CapeUrl: null  , Expiry: 1595091660)
[2020-07-18 11:00:27] [Client thread DEBUG] Loading type:SKIN
[2020-07-18 11:01:05] [BiShop_Ma INFO] Loading BiShop_Ma's profile.
[2020-07-18 11:01:05] [BiShop_Ma INFO] 1/7 Try to load profile from 'Mojang'.
[2020-07-18 11:01:05] [BiShop_Ma DEBUG] Try to request 'https://api.mojang.com/users/profiles/minecraft/BiShop_Ma'.
[2020-07-18 11:01:05] [BiShop_Ma DEBUG] Cache file found (Length: 60 , Path: 'G:\Minecraft Program\ATLauncher\instances\SkyFactory4\CustomSkinLoader\caches\f515be54d54db9aed4d70bc7cc4ba5cc3344c3a6' , Expire: 0')
[2020-07-18 11:01:05] [BiShop_Ma INFO] Try to load from cache 'G:\Minecraft Program\ATLauncher\instances\SkyFactory4\CustomSkinLoader\caches\f515be54d54db9aed4d70bc7cc4ba5cc3344c3a6'.
[2020-07-18 11:01:05] [BiShop_Ma DEBUG] Successfully load from cache
[2020-07-18 11:01:05] [BiShop_Ma DEBUG] Content: {"name":"BiShop_Ma","id":"a11cf95b131d4d12b08cd4a194dd71d9"}
[2020-07-18 11:01:05] [BiShop_Ma DEBUG] Try to request 'https://sessionserver.mojang.com/session/minecraft/profile/a11cf95b131d4d12b08cd4a194dd71d9'.
[2020-07-18 11:01:05] [BiShop_Ma DEBUG] Successfully request (Response Code: 200 , Content Length: 513)
[2020-07-18 11:01:05] [BiShop_Ma DEBUG] Saved to cache (Length: 513 , Path: 'G:\Minecraft Program\ATLauncher\instances\SkyFactory4\CustomSkinLoader\caches\bf1271717abe0c4d5f3c5b2e4b4f158f36366c7a' , Expire: 1595091757)
[2020-07-18 11:01:05] [BiShop_Ma DEBUG] Content: {
  "id" : "a11cf95b131d4d12b08cd4a194dd71d9",
  "name" : "BiShop_Ma",
  "properties" : [ {
    "name" : "textures",
    "value" : "ewogICJ0aW1lc3RhbXAiIDogMTU5NTA5MTY2NjQ3MSwKICAicHJvZmlsZUlkIiA6ICJhMTFjZjk1YjEzMWQ0ZDEyYjA4Y2Q0YTE5NGRkNzFkOSIsCiAgInByb2ZpbGVOYW1lIiA6ICJCaVNob3BfTWEiLAogICJ0ZXh0dXJlcyIgOiB7CiAgICAiU0tJTiIgOiB7CiAgICAgICJ1cmwiIDogImh0dHA6Ly90ZXh0dXJlcy5taW5lY3JhZnQubmV0L3RleHR1cmUvODg1YjQ1ZWZiODE2MDliYTE0OWNiMjI3ODZhMWRmNmVlMjA5NjJiODY0NDJiZmM0MjJlOTUyYzI0MTNmNWIxNyIKICAgIH0KICB9Cn0="
  } ]
}
[2020-07-18 11:01:05] [BiShop_Ma INFO] BiShop_Ma's profile loaded.
[2020-07-18 11:01:05] [BiShop_Ma INFO] (SkinUrl: http://textures.minecraft.net/texture/885b45efb81609ba149cb22786a1df6ee20962b86442bfc422e952c2413f5b17 , Model: default , CapeUrl: null  , Expiry: 1595091697)
[2020-07-18 11:01:05] [Client thread DEBUG] Loading type:SKIN
[2020-07-18 11:19:27] [BiShop_Ma INFO] Loading BiShop_Ma's profile.
[2020-07-18 11:19:27] [BiShop_Ma INFO] 1/7 Try to load profile from 'Mojang'.
[2020-07-18 11:19:27] [BiShop_Ma DEBUG] Try to request 'https://api.mojang.com/users/profiles/minecraft/BiShop_Ma'.
[2020-07-18 11:19:27] [BiShop_Ma DEBUG] Cache file found (Length: 60 , Path: 'G:\Minecraft Program\ATLauncher\instances\SkyFactory4\CustomSkinLoader\caches\f515be54d54db9aed4d70bc7cc4ba5cc3344c3a6' , Expire: 0')
[2020-07-18 11:19:27] [BiShop_Ma INFO] Try to load from cache 'G:\Minecraft Program\ATLauncher\instances\SkyFactory4\CustomSkinLoader\caches\f515be54d54db9aed4d70bc7cc4ba5cc3344c3a6'.
[2020-07-18 11:19:27] [BiShop_Ma DEBUG] Successfully load from cache
[2020-07-18 11:19:27] [BiShop_Ma DEBUG] Content: {"name":"BiShop_Ma","id":"a11cf95b131d4d12b08cd4a194dd71d9"}
[2020-07-18 11:19:27] [BiShop_Ma DEBUG] Try to request 'https://sessionserver.mojang.com/session/minecraft/profile/a11cf95b131d4d12b08cd4a194dd71d9'.
[2020-07-18 11:19:28] [BiShop_Ma DEBUG] Successfully request (Response Code: 200 , Content Length: 513)
[2020-07-18 11:19:28] [BiShop_Ma DEBUG] Saved to cache (Length: 513 , Path: 'G:\Minecraft Program\ATLauncher\instances\SkyFactory4\CustomSkinLoader\caches\bf1271717abe0c4d5f3c5b2e4b4f158f36366c7a' , Expire: 1595092859)
[2020-07-18 11:19:28] [BiShop_Ma DEBUG] Content: {
  "id" : "a11cf95b131d4d12b08cd4a194dd71d9",
  "name" : "BiShop_Ma",
  "properties" : [ {
    "name" : "textures",
    "value" : "ewogICJ0aW1lc3RhbXAiIDogMTU5NTA5Mjc2ODc0OCwKICAicHJvZmlsZUlkIiA6ICJhMTFjZjk1YjEzMWQ0ZDEyYjA4Y2Q0YTE5NGRkNzFkOSIsCiAgInByb2ZpbGVOYW1lIiA6ICJCaVNob3BfTWEiLAogICJ0ZXh0dXJlcyIgOiB7CiAgICAiU0tJTiIgOiB7CiAgICAgICJ1cmwiIDogImh0dHA6Ly90ZXh0dXJlcy5taW5lY3JhZnQubmV0L3RleHR1cmUvODg1YjQ1ZWZiODE2MDliYTE0OWNiMjI3ODZhMWRmNmVlMjA5NjJiODY0NDJiZmM0MjJlOTUyYzI0MTNmNWIxNyIKICAgIH0KICB9Cn0="
  } ]
}
[2020-07-18 11:19:28] [BiShop_Ma INFO] BiShop_Ma's profile loaded.
[2020-07-18 11:19:28] [BiShop_Ma INFO] (SkinUrl: http://textures.minecraft.net/texture/885b45efb81609ba149cb22786a1df6ee20962b86442bfc422e952c2413f5b17 , Model: default , CapeUrl: null  , Expiry: 1595092799)
[2020-07-18 11:19:28] [Client thread DEBUG] Loading type:SKIN
[2020-07-18 11:25:08] [BiShop_Ma INFO] Loading BiShop_Ma's profile.
[2020-07-18 11:25:08] [BiShop_Ma INFO] 1/7 Try to load profile from 'Mojang'.
[2020-07-18 11:25:08] [BiShop_Ma DEBUG] Try to request 'https://api.mojang.com/users/profiles/minecraft/BiShop_Ma'.
[2020-07-18 11:25:08] [BiShop_Ma DEBUG] Cache file found (Length: 60 , Path: 'G:\Minecraft Program\ATLauncher\instances\SkyFactory4\CustomSkinLoader\caches\f515be54d54db9aed4d70bc7cc4ba5cc3344c3a6' , Expire: 0')
[2020-07-18 11:25:08] [BiShop_Ma INFO] Try to load from cache 'G:\Minecraft Program\ATLauncher\instances\SkyFactory4\CustomSkinLoader\caches\f515be54d54db9aed4d70bc7cc4ba5cc3344c3a6'.
[2020-07-18 11:25:08] [BiShop_Ma DEBUG] Successfully load from cache
[2020-07-18 11:25:08] [BiShop_Ma DEBUG] Content: {"name":"BiShop_Ma","id":"a11cf95b131d4d12b08cd4a194dd71d9"}
[2020-07-18 11:25:08] [BiShop_Ma DEBUG] Try to request 'https://sessionserver.mojang.com/session/minecraft/profile/a11cf95b131d4d12b08cd4a194dd71d9'.
[2020-07-18 11:25:08] [BiShop_Ma DEBUG] Successfully request (Response Code: 200 , Content Length: 513)
[2020-07-18 11:25:08] [BiShop_Ma DEBUG] Saved to cache (Length: 513 , Path: 'G:\Minecraft Program\ATLauncher\instances\SkyFactory4\CustomSkinLoader\caches\bf1271717abe0c4d5f3c5b2e4b4f158f36366c7a' , Expire: 1595093198)
[2020-07-18 11:25:08] [BiShop_Ma DEBUG] Content: {
  "id" : "a11cf95b131d4d12b08cd4a194dd71d9",
  "name" : "BiShop_Ma",
  "properties" : [ {
    "name" : "textures",
    "value" : "ewogICJ0aW1lc3RhbXAiIDogMTU5NTA5MzEwOTQxMCwKICAicHJvZmlsZUlkIiA6ICJhMTFjZjk1YjEzMWQ0ZDEyYjA4Y2Q0YTE5NGRkNzFkOSIsCiAgInByb2ZpbGVOYW1lIiA6ICJCaVNob3BfTWEiLAogICJ0ZXh0dXJlcyIgOiB7CiAgICAiU0tJTiIgOiB7CiAgICAgICJ1cmwiIDogImh0dHA6Ly90ZXh0dXJlcy5taW5lY3JhZnQubmV0L3RleHR1cmUvODg1YjQ1ZWZiODE2MDliYTE0OWNiMjI3ODZhMWRmNmVlMjA5NjJiODY0NDJiZmM0MjJlOTUyYzI0MTNmNWIxNyIKICAgIH0KICB9Cn0="
  } ]
}
[2020-07-18 11:25:08] [BiShop_Ma INFO] BiShop_Ma's profile loaded.
[2020-07-18 11:25:08] [BiShop_Ma INFO] (SkinUrl: http://textures.minecraft.net/texture/885b45efb81609ba149cb22786a1df6ee20962b86442bfc422e952c2413f5b17 , Model: default , CapeUrl: null  , Expiry: 1595093141)
[2020-07-18 11:25:08] [Client thread DEBUG] Loading type:SKIN
